[debug] [2023-10-10T11:39:46.912Z] ----------------------------------------------------------------------
[debug] [2023-10-10T11:39:46.934Z] Command:       C:\Program Files\nodejs\node.exe C:\Users\Dell i3\AppData\Roaming\npm\node_modules\firebase-tools\lib\bin\firebase.js deploy
[debug] [2023-10-10T11:39:46.937Z] CLI Version:   12.6.1
[debug] [2023-10-10T11:39:46.938Z] Platform:      win32
[debug] [2023-10-10T11:39:46.939Z] Node Version:  v18.17.1
[debug] [2023-10-10T11:39:47.080Z] Time:          Tue Oct 10 2023 11:39:46 GMT+0000 (Greenwich Mean Time)
[debug] [2023-10-10T11:39:47.081Z] ----------------------------------------------------------------------
[debug] 
[debug] [2023-10-10T11:39:47.126Z] >>> [apiv2][query] GET https://firebase-public.firebaseio.com/cli.json [none]
[debug] [2023-10-10T11:39:47.400Z] > command requires scopes: ["email","openid","https://www.googleapis.com/auth/cloudplatformprojects.readonly","https://www.googleapis.com/auth/firebase","https://www.googleapis.com/auth/cloud-platform"]
[debug] [2023-10-10T11:39:47.400Z] > authorizing via signed-in user (nanayawsage@gmail.com)
[debug] [2023-10-10T11:39:47.401Z] [iam] checking project sageflix for permissions ["firebase.projects.get","firebasehosting.sites.update"]
[debug] [2023-10-10T11:39:47.402Z] > refreshing access token with scopes: []
[debug] [2023-10-10T11:39:47.403Z] >>> [apiv2][query] POST https://www.googleapis.com/oauth2/v3/token [none]
[debug] [2023-10-10T11:39:47.403Z] >>> [apiv2][body] POST https://www.googleapis.com/oauth2/v3/token [omitted]
[debug] [2023-10-10T11:39:48.166Z] <<< [apiv2][status] POST https://www.googleapis.com/oauth2/v3/token 200
[debug] [2023-10-10T11:39:48.167Z] <<< [apiv2][body] POST https://www.googleapis.com/oauth2/v3/token [omitted]
[debug] [2023-10-10T11:39:48.298Z] >>> [apiv2][query] POST https://cloudresourcemanager.googleapis.com/v1/projects/sageflix:testIamPermissions [none]
[debug] [2023-10-10T11:39:48.299Z] >>> [apiv2][(partial)header] POST https://cloudresourcemanager.googleapis.com/v1/projects/sageflix:testIamPermissions x-goog-quota-user=projects/sageflix
[debug] [2023-10-10T11:39:48.299Z] >>> [apiv2][body] POST https://cloudresourcemanager.googleapis.com/v1/projects/sageflix:testIamPermissions {"permissions":["firebase.projects.get","firebasehosting.sites.update"]}
[debug] [2023-10-10T11:39:48.452Z] <<< [apiv2][status] GET https://firebase-public.firebaseio.com/cli.json 200
[debug] [2023-10-10T11:39:48.453Z] <<< [apiv2][body] GET https://firebase-public.firebaseio.com/cli.json {"cloudBuildErrorAfter":1594252800000,"cloudBuildWarnAfter":1590019200000,"defaultNode10After":1594252800000,"minVersion":"3.0.5","node8DeploysDisabledAfter":1613390400000,"node8RuntimeDisabledAfter":1615809600000,"node8WarnAfter":1600128000000}
[debug] [2023-10-10T11:39:49.858Z] <<< [apiv2][status] POST https://cloudresourcemanager.googleapis.com/v1/projects/sageflix:testIamPermissions 200
[debug] [2023-10-10T11:39:49.858Z] <<< [apiv2][body] POST https://cloudresourcemanager.googleapis.com/v1/projects/sageflix:testIamPermissions {"permissions":["firebase.projects.get","firebasehosting.sites.update"]}
[debug] [2023-10-10T11:39:49.859Z] >>> [apiv2][query] GET https://firebase.googleapis.com/v1beta1/projects/sageflix [none]
[debug] [2023-10-10T11:39:50.569Z] <<< [apiv2][status] GET https://firebase.googleapis.com/v1beta1/projects/sageflix 200
[debug] [2023-10-10T11:39:50.569Z] <<< [apiv2][body] GET https://firebase.googleapis.com/v1beta1/projects/sageflix {"projectId":"sageflix","projectNumber":"652465226445","displayName":"SageFlix","name":"projects/sageflix","resources":{"hostingSite":"sageflix"},"state":"ACTIVE","etag":"1_1c5f511d-f504-4197-9542-19ed054a0642"}
[info] 
[info] === Deploying to 'sageflix'...
[info] 
[info] i  deploying hosting 
[debug] [2023-10-10T11:39:50.624Z] >>> [apiv2][query] POST https://firebasehosting.googleapis.com/v1beta1/projects/-/sites/sageflix/versions [none]
[debug] [2023-10-10T11:39:50.624Z] >>> [apiv2][body] POST https://firebasehosting.googleapis.com/v1beta1/projects/-/sites/sageflix/versions {"status":"CREATED","labels":{"deployment-tool":"cli-firebase"}}
[debug] [2023-10-10T11:39:52.437Z] <<< [apiv2][status] POST https://firebasehosting.googleapis.com/v1beta1/projects/-/sites/sageflix/versions 200
[debug] [2023-10-10T11:39:52.438Z] <<< [apiv2][body] POST https://firebasehosting.googleapis.com/v1beta1/projects/-/sites/sageflix/versions {"name":"projects/652465226445/sites/sageflix/versions/a78b01a1e13fc550","status":"CREATED","config":{},"labels":{"deployment-tool":"cli-firebase"}}
[info] i  hosting[sageflix]: beginning deploy... 
[info] i  hosting[sageflix]: found 13 files in build 
[debug] [2023-10-10T11:39:54.801Z] [hosting] uploading with 200 concurrency
[debug] [2023-10-10T11:39:56.203Z] [hosting] hash cache [YnVpbGQ] stored for 13 files
[debug] [2023-10-10T11:39:56.204Z] [hosting][hash queue][FINAL] {"max":1192,"min":2,"avg":363.3076923076923,"active":0,"complete":13,"success":13,"errored":0,"retried":0,"total":13,"elapsed":1297}
[debug] [2023-10-10T11:39:56.205Z] >>> [apiv2][query] POST https://firebasehosting.googleapis.com/v1beta1/projects/652465226445/sites/sageflix/versions/a78b01a1e13fc550:populateFiles [none]
[debug] [2023-10-10T11:39:56.206Z] >>> [apiv2][body] POST https://firebasehosting.googleapis.com/v1beta1/projects/652465226445/sites/sageflix/versions/a78b01a1e13fc550:populateFiles {"files":{"/favicon.ico":"eae62e993eb980ec8a25058c39d5a51feab118bd2100c4deebb2a9c158ec11f9","/manifest.json":"aff3449bdc238776f5d6d967f19ec491b36aed5fb7f23ccff6500736fd58494a","/robots.txt":"bfe106a3fb878dc83461c86818bf74fc1bdc7f28538ba613cd3e775516ce8b49","/asset-manifest.json":"bf383ef607a91aad27b245973a234a103012bbcf670636d59a9b9d0a7cbc0bf9","/static/js/787.f11d52fa.chunk.js.map":"67337dc38da0dd6ac1fc7dac1a6b0927af481e4719918ff13c2e923f51bad493","/static/js/main.3d5330f6.js.LICENSE.txt":"dedf16929e3ed7e59a4650f6d350809034e1b8b1a733a0dfbf8fb996c23dca1f","/index.html":"714d33574a08a0b0c81f84643ec645f1e9748ec255afc05793bf636abc424efb","/static/js/787.f11d52fa.chunk.js":"724489622e15b377ab5e51003dceaeb406c516fdef4c72fb6232127647c57197","/static/media/logo.cde2db146329b85b3a31.png":"c1533b61c4b1bb07bd671a0e800fc39d83d291d46243e8a0e1d9cea27f066424","/static/css/main.aafe7435.css.map":"5e27f5c7ba9b46bdfdb1fc49c959f18d3104aa7180d988b95ba48266f733a00c","/static/css/main.aafe7435.css":"e2a192ee149fe7a13270a39fd2ea8fb1ea39ec0911462d71a00455461121bbcd","/static/js/main.3d5330f6.js":"95ac5e74583ea61d8313c15782e4418e09e14318cd043cbc8ff9243ff9a08236","/static/js/main.3d5330f6.js.map":"86ff6e18606f20f9d58fddf25a38b30c75bb800d49145fab87e93e771e2b5acb"}}
[debug] [2023-10-10T11:39:57.532Z] <<< [apiv2][status] POST https://firebasehosting.googleapis.com/v1beta1/projects/652465226445/sites/sageflix/versions/a78b01a1e13fc550:populateFiles 200
[debug] [2023-10-10T11:39:57.532Z] <<< [apiv2][body] POST https://firebasehosting.googleapis.com/v1beta1/projects/652465226445/sites/sageflix/versions/a78b01a1e13fc550:populateFiles {"uploadRequiredHashes":["bf383ef607a91aad27b245973a234a103012bbcf670636d59a9b9d0a7cbc0bf9","5e27f5c7ba9b46bdfdb1fc49c959f18d3104aa7180d988b95ba48266f733a00c","95ac5e74583ea61d8313c15782e4418e09e14318cd043cbc8ff9243ff9a08236","714d33574a08a0b0c81f84643ec645f1e9748ec255afc05793bf636abc424efb","e2a192ee149fe7a13270a39fd2ea8fb1ea39ec0911462d71a00455461121bbcd","86ff6e18606f20f9d58fddf25a38b30c75bb800d49145fab87e93e771e2b5acb"],"uploadUrl":"https://upload-firebasehosting.googleapis.com/upload/sites/sageflix/versions/a78b01a1e13fc550/files"}
[debug] [2023-10-10T11:39:57.534Z] >>> [apiv2][query] POST https://upload-firebasehosting.googleapis.com/upload/sites/sageflix/versions/a78b01a1e13fc550/files/bf383ef607a91aad27b245973a234a103012bbcf670636d59a9b9d0a7cbc0bf9 [none]
[debug] [2023-10-10T11:39:57.534Z] >>> [apiv2][body] POST https://upload-firebasehosting.googleapis.com/upload/sites/sageflix/versions/a78b01a1e13fc550/files/bf383ef607a91aad27b245973a234a103012bbcf670636d59a9b9d0a7cbc0bf9 [stream]
[debug] [2023-10-10T11:39:57.536Z] >>> [apiv2][query] POST https://upload-firebasehosting.googleapis.com/upload/sites/sageflix/versions/a78b01a1e13fc550/files/5e27f5c7ba9b46bdfdb1fc49c959f18d3104aa7180d988b95ba48266f733a00c [none]
[debug] [2023-10-10T11:39:57.536Z] >>> [apiv2][body] POST https://upload-firebasehosting.googleapis.com/upload/sites/sageflix/versions/a78b01a1e13fc550/files/5e27f5c7ba9b46bdfdb1fc49c959f18d3104aa7180d988b95ba48266f733a00c [stream]
[debug] [2023-10-10T11:39:57.538Z] >>> [apiv2][query] POST https://upload-firebasehosting.googleapis.com/upload/sites/sageflix/versions/a78b01a1e13fc550/files/95ac5e74583ea61d8313c15782e4418e09e14318cd043cbc8ff9243ff9a08236 [none]
[debug] [2023-10-10T11:39:57.538Z] >>> [apiv2][body] POST https://upload-firebasehosting.googleapis.com/upload/sites/sageflix/versions/a78b01a1e13fc550/files/95ac5e74583ea61d8313c15782e4418e09e14318cd043cbc8ff9243ff9a08236 [stream]
[debug] [2023-10-10T11:39:57.540Z] >>> [apiv2][query] POST https://upload-firebasehosting.googleapis.com/upload/sites/sageflix/versions/a78b01a1e13fc550/files/714d33574a08a0b0c81f84643ec645f1e9748ec255afc05793bf636abc424efb [none]
[debug] [2023-10-10T11:39:57.540Z] >>> [apiv2][body] POST https://upload-firebasehosting.googleapis.com/upload/sites/sageflix/versions/a78b01a1e13fc550/files/714d33574a08a0b0c81f84643ec645f1e9748ec255afc05793bf636abc424efb [stream]
[debug] [2023-10-10T11:39:57.541Z] >>> [apiv2][query] POST https://upload-firebasehosting.googleapis.com/upload/sites/sageflix/versions/a78b01a1e13fc550/files/e2a192ee149fe7a13270a39fd2ea8fb1ea39ec0911462d71a00455461121bbcd [none]
[debug] [2023-10-10T11:39:57.541Z] >>> [apiv2][body] POST https://upload-firebasehosting.googleapis.com/upload/sites/sageflix/versions/a78b01a1e13fc550/files/e2a192ee149fe7a13270a39fd2ea8fb1ea39ec0911462d71a00455461121bbcd [stream]
[debug] [2023-10-10T11:39:57.543Z] >>> [apiv2][query] POST https://upload-firebasehosting.googleapis.com/upload/sites/sageflix/versions/a78b01a1e13fc550/files/86ff6e18606f20f9d58fddf25a38b30c75bb800d49145fab87e93e771e2b5acb [none]
[debug] [2023-10-10T11:39:57.543Z] >>> [apiv2][body] POST https://upload-firebasehosting.googleapis.com/upload/sites/sageflix/versions/a78b01a1e13fc550/files/86ff6e18606f20f9d58fddf25a38b30c75bb800d49145fab87e93e771e2b5acb [stream]
[debug] [2023-10-10T11:39:57.546Z] [hosting][populate queue][FINAL] {"max":1429,"min":1429,"avg":1429,"active":0,"complete":1,"success":1,"errored":0,"retried":0,"total":1,"elapsed":1441}
[debug] [2023-10-10T11:39:57.546Z] [hosting] uploads queued: 6
[debug] [2023-10-10T11:40:02.113Z] <<< [apiv2][status] POST https://upload-firebasehosting.googleapis.com/upload/sites/sageflix/versions/a78b01a1e13fc550/files/714d33574a08a0b0c81f84643ec645f1e9748ec255afc05793bf636abc424efb 200
[debug] [2023-10-10T11:40:02.113Z] <<< [apiv2][body] POST https://upload-firebasehosting.googleapis.com/upload/sites/sageflix/versions/a78b01a1e13fc550/files/714d33574a08a0b0c81f84643ec645f1e9748ec255afc05793bf636abc424efb [stream]
[debug] [2023-10-10T11:40:02.202Z] <<< [apiv2][status] POST https://upload-firebasehosting.googleapis.com/upload/sites/sageflix/versions/a78b01a1e13fc550/files/e2a192ee149fe7a13270a39fd2ea8fb1ea39ec0911462d71a00455461121bbcd 200
[debug] [2023-10-10T11:40:02.202Z] <<< [apiv2][body] POST https://upload-firebasehosting.googleapis.com/upload/sites/sageflix/versions/a78b01a1e13fc550/files/e2a192ee149fe7a13270a39fd2ea8fb1ea39ec0911462d71a00455461121bbcd [stream]
[debug] [2023-10-10T11:40:02.935Z] <<< [apiv2][status] POST https://upload-firebasehosting.googleapis.com/upload/sites/sageflix/versions/a78b01a1e13fc550/files/5e27f5c7ba9b46bdfdb1fc49c959f18d3104aa7180d988b95ba48266f733a00c 200
[debug] [2023-10-10T11:40:02.936Z] <<< [apiv2][body] POST https://upload-firebasehosting.googleapis.com/upload/sites/sageflix/versions/a78b01a1e13fc550/files/5e27f5c7ba9b46bdfdb1fc49c959f18d3104aa7180d988b95ba48266f733a00c [stream]
[debug] [2023-10-10T11:40:03.834Z] <<< [apiv2][status] POST https://upload-firebasehosting.googleapis.com/upload/sites/sageflix/versions/a78b01a1e13fc550/files/bf383ef607a91aad27b245973a234a103012bbcf670636d59a9b9d0a7cbc0bf9 200
[debug] [2023-10-10T11:40:03.834Z] <<< [apiv2][body] POST https://upload-firebasehosting.googleapis.com/upload/sites/sageflix/versions/a78b01a1e13fc550/files/bf383ef607a91aad27b245973a234a103012bbcf670636d59a9b9d0a7cbc0bf9 [stream]
[debug] [2023-10-10T11:40:04.055Z] <<< [apiv2][status] POST https://upload-firebasehosting.googleapis.com/upload/sites/sageflix/versions/a78b01a1e13fc550/files/95ac5e74583ea61d8313c15782e4418e09e14318cd043cbc8ff9243ff9a08236 200
[debug] [2023-10-10T11:40:04.055Z] <<< [apiv2][body] POST https://upload-firebasehosting.googleapis.com/upload/sites/sageflix/versions/a78b01a1e13fc550/files/95ac5e74583ea61d8313c15782e4418e09e14318cd043cbc8ff9243ff9a08236 [stream]
[debug] [2023-10-10T11:40:14.991Z] <<< [apiv2][status] POST https://upload-firebasehosting.googleapis.com/upload/sites/sageflix/versions/a78b01a1e13fc550/files/86ff6e18606f20f9d58fddf25a38b30c75bb800d49145fab87e93e771e2b5acb 200
[debug] [2023-10-10T11:40:14.991Z] <<< [apiv2][body] POST https://upload-firebasehosting.googleapis.com/upload/sites/sageflix/versions/a78b01a1e13fc550/files/86ff6e18606f20f9d58fddf25a38b30c75bb800d49145fab87e93e771e2b5acb [stream]
[debug] [2023-10-10T11:40:14.991Z] [hosting][upload queue][FINAL] {"max":17457,"min":4579,"avg":7488.166666666667,"active":0,"complete":6,"success":6,"errored":0,"retried":0,"total":6,"elapsed":17458}
[info] +  hosting[sageflix]: file upload complete 
[debug] [2023-10-10T11:40:14.993Z] [hosting] deploy completed after 20672ms
[debug] [2023-10-10T11:40:14.993Z] [
  {
    "config": {
      "public": "build",
      "ignore": [
        "firebase.json",
        "**/.*",
        "**/node_modules/**"
      ],
      "site": "sageflix"
    },
    "version": "projects/652465226445/sites/sageflix/versions/a78b01a1e13fc550"
  }
]
[info] i  hosting[sageflix]: finalizing version... 
[debug] [2023-10-10T11:40:14.996Z] >>> [apiv2][query] PATCH https://firebasehosting.googleapis.com/v1beta1/projects/-/sites/sageflix/versions/a78b01a1e13fc550 updateMask=status%2Cconfig
[debug] [2023-10-10T11:40:14.997Z] >>> [apiv2][body] PATCH https://firebasehosting.googleapis.com/v1beta1/projects/-/sites/sageflix/versions/a78b01a1e13fc550 {"status":"FINALIZED","config":{}}
[debug] [2023-10-10T11:40:16.363Z] <<< [apiv2][status] PATCH https://firebasehosting.googleapis.com/v1beta1/projects/-/sites/sageflix/versions/a78b01a1e13fc550 200
[debug] [2023-10-10T11:40:16.363Z] <<< [apiv2][body] PATCH https://firebasehosting.googleapis.com/v1beta1/projects/-/sites/sageflix/versions/a78b01a1e13fc550 {"name":"projects/652465226445/sites/sageflix/versions/a78b01a1e13fc550","status":"FINALIZED","config":{},"labels":{"deployment-tool":"cli-firebase"},"createTime":"2023-10-10T11:39:52.510477Z","createUser":{"email":"nanayawsage@gmail.com"},"finalizeTime":"2023-10-10T11:40:16.644368Z","finalizeUser":{"email":"nanayawsage@gmail.com"}}
[debug] [2023-10-10T11:40:16.364Z] [hosting] finalized version for sageflix:[object Object]
[info] +  hosting[sageflix]: version finalized 
[info] i  hosting[sageflix]: releasing new version... 
[debug] [2023-10-10T11:40:16.372Z] >>> [apiv2][query] POST https://firebasehosting.googleapis.com/v1beta1/projects/-/sites/sageflix/channels/live/releases versionName=projects%2F652465226445%2Fsites%2Fsageflix%2Fversions%2Fa78b01a1e13fc550
[debug] [2023-10-10T11:40:16.373Z] >>> [apiv2][body] POST https://firebasehosting.googleapis.com/v1beta1/projects/-/sites/sageflix/channels/live/releases {}
[debug] [2023-10-10T11:40:17.904Z] <<< [apiv2][status] POST https://firebasehosting.googleapis.com/v1beta1/projects/-/sites/sageflix/channels/live/releases 200
[debug] [2023-10-10T11:40:17.905Z] <<< [apiv2][body] POST https://firebasehosting.googleapis.com/v1beta1/projects/-/sites/sageflix/channels/live/releases {"name":"projects/652465226445/sites/sageflix/channels/live/releases/1696938017582000","version":{"name":"projects/652465226445/sites/sageflix/versions/a78b01a1e13fc550","status":"FINALIZED","config":{},"labels":{"deployment-tool":"cli-firebase"},"createTime":"2023-10-10T11:39:52.510477Z","createUser":{"email":"nanayawsage@gmail.com","imageUrl":"https://lh3.googleusercontent.com/a/ACg8ocJWlj27nhBOWO1aew8qEyBaH1M0CEu_gPWnoOGjI6Fn73w"},"finalizeTime":"2023-10-10T11:40:16.644368Z","finalizeUser":{"email":"nanayawsage@gmail.com","imageUrl":"https://lh3.googleusercontent.com/a/ACg8ocJWlj27nhBOWO1aew8qEyBaH1M0CEu_gPWnoOGjI6Fn73w"}},"type":"DEPLOY","releaseTime":"2023-10-10T11:40:17.582Z","releaseUser":{"email":"nanayawsage@gmail.com","imageUrl":"https://lh3.googleusercontent.com/a/ACg8ocJWlj27nhBOWO1aew8qEyBaH1M0CEu_gPWnoOGjI6Fn73w"}}
[debug] [2023-10-10T11:40:17.905Z] [hosting] release: {"name":"projects/652465226445/sites/sageflix/channels/live/releases/1696938017582000","version":{"name":"projects/652465226445/sites/sageflix/versions/a78b01a1e13fc550","status":"FINALIZED","config":{},"labels":{"deployment-tool":"cli-firebase"},"createTime":"2023-10-10T11:39:52.510477Z","createUser":{"email":"nanayawsage@gmail.com","imageUrl":"https://lh3.googleusercontent.com/a/ACg8ocJWlj27nhBOWO1aew8qEyBaH1M0CEu_gPWnoOGjI6Fn73w"},"finalizeTime":"2023-10-10T11:40:16.644368Z","finalizeUser":{"email":"nanayawsage@gmail.com","imageUrl":"https://lh3.googleusercontent.com/a/ACg8ocJWlj27nhBOWO1aew8qEyBaH1M0CEu_gPWnoOGjI6Fn73w"}},"type":"DEPLOY","releaseTime":"2023-10-10T11:40:17.582Z","releaseUser":{"email":"nanayawsage@gmail.com","imageUrl":"https://lh3.googleusercontent.com/a/ACg8ocJWlj27nhBOWO1aew8qEyBaH1M0CEu_gPWnoOGjI6Fn73w"}}
[info] +  hosting[sageflix]: release complete 
[info] 
[info] +  Deploy complete! 
[info] 
[info] Project Console: https://console.firebase.google.com/project/sageflix/overview
[info] Hosting URL: https://sageflix.web.app
[debug] [2023-10-10T11:40:24.063Z] Error: Timed out.
    at Timeout._onTimeout (C:\Users\Dell i3\AppData\Roaming\npm\node_modules\firebase-tools\lib\utils.js:254:49)
    at listOnTimeout (node:internal/timers:569:17)
    at process.processTimers (node:internal/timers:512:7)
[error] 
[error] Error: An unexpected error has occurred.
